[debug] [2020-02-10T03:54:11.496Z] ----------------------------------------------------------------------
[debug] [2020-02-10T03:54:11.499Z] Command:       C:\Program Files\nodejs\node.exe C:\Users\User\AppData\Roaming\npm\node_modules\firebase-tools\lib\bin\firebase.js init
[debug] [2020-02-10T03:54:11.499Z] CLI Version:   7.6.2
[debug] [2020-02-10T03:54:11.499Z] Platform:      win32
[debug] [2020-02-10T03:54:11.499Z] Node Version:  v10.16.3
[debug] [2020-02-10T03:54:11.500Z] Time:          Sun Feb 09 2020 22:54:11 GMT-0500 (GMT-05:00)
[debug] [2020-02-10T03:54:11.500Z] ----------------------------------------------------------------------
[debug] [2020-02-10T03:54:11.500Z] 
[debug] [2020-02-10T03:54:11.507Z] > command requires scopes: ["email","openid","https://www.googleapis.com/auth/cloudplatformprojects.readonly","https://www.googleapis.com/auth/firebase","https://www.googleapis.com/auth/cloud-platform"]
[debug] [2020-02-10T03:54:11.507Z] > authorizing via signed-in user
[info] 
     ######## #### ########  ######## ########     ###     ######  ########
     ##        ##  ##     ## ##       ##     ##  ##   ##  ##       ##
     ######    ##  ########  ######   ########  #########  ######  ######
     ##        ##  ##    ##  ##       ##     ## ##     ##       ## ##
     ##       #### ##     ## ######## ########  ##     ##  ######  ########

You're about to initialize a Firebase project in this directory:

  C:\Users\User\Documents\Yuli\angular\users-administrator

[info] 
=== Project Setup
[info] 
[info] First, let's associate this project directory with a Firebase project.
[info] You can create multiple project aliases by running firebase use --add, 
[info] but for now we'll just set up a default project.
[info] 
[debug] [2020-02-10T03:54:20.517Z] > refreshing access token with scopes: ["email","https://www.googleapis.com/auth/cloud-platform","https://www.googleapis.com/auth/cloudplatformprojects.readonly","https://www.googleapis.com/auth/firebase","openid"]
[debug] [2020-02-10T03:54:20.517Z] >>> HTTP REQUEST POST https://www.googleapis.com/oauth2/v3/token  
 <request body omitted>
[debug] [2020-02-10T03:54:21.357Z] <<< HTTP RESPONSE 200
[debug] [2020-02-10T03:54:21.426Z] >>> HTTP REQUEST GET https://firebase.googleapis.com/v1beta1/projects?pageSize=100  
 
[debug] [2020-02-10T03:54:22.785Z] <<< HTTP RESPONSE 200
